Determining if the pthread_create exist failed with the following output:
Change Dir: /home/beomsik/vdnn/build/CMakeFiles/CMakeTmp

Run Build Command:"/usr/bin/make" "cmTC_c2b0d/fast"
/usr/bin/make -f CMakeFiles/cmTC_c2b0d.dir/build.make CMakeFiles/cmTC_c2b0d.dir/build
make[1]: Entering directory '/home/beomsik/vdnn/build/CMakeFiles/CMakeTmp'
Building C object CMakeFiles/cmTC_c2b0d.dir/CheckSymbolExists.c.o
/usr/bin/cc   -fPIC    -o CMakeFiles/cmTC_c2b0d.dir/CheckSymbolExists.c.o   -c /home/beomsik/vdnn/build/CMakeFiles/CMakeTmp/CheckSymbolExists.c
Linking C executable cmTC_c2b0d
/usr/local/bin/cmake -E cmake_link_script CMakeFiles/cmTC_c2b0d.dir/link.txt --verbose=1
/usr/bin/cc -fPIC     -rdynamic CMakeFiles/cmTC_c2b0d.dir/CheckSymbolExists.c.o  -o cmTC_c2b0d 
CMakeFiles/cmTC_c2b0d.dir/CheckSymbolExists.c.o: In function `main':
CheckSymbolExists.c:(.text+0x1b): undefined reference to `pthread_create'
collect2: error: ld returned 1 exit status
CMakeFiles/cmTC_c2b0d.dir/build.make:97: recipe for target 'cmTC_c2b0d' failed
make[1]: *** [cmTC_c2b0d] Error 1
make[1]: Leaving directory '/home/beomsik/vdnn/build/CMakeFiles/CMakeTmp'
Makefile:126: recipe for target 'cmTC_c2b0d/fast' failed
make: *** [cmTC_c2b0d/fast] Error 2

File /home/beomsik/vdnn/build/CMakeFiles/CMakeTmp/CheckSymbolExists.c:
/* */
#include <pthread.h>

int main(int argc, char** argv)
{
  (void)argv;
#ifndef pthread_create
  return ((int*)(&pthread_create))[argc];
#else
  (void)argc;
  return 0;
#endif
}

Determining if the function pthread_create exists in the pthreads failed with the following output:
Change Dir: /home/beomsik/vdnn/build/CMakeFiles/CMakeTmp

Run Build Command:"/usr/bin/make" "cmTC_92a89/fast"
/usr/bin/make -f CMakeFiles/cmTC_92a89.dir/build.make CMakeFiles/cmTC_92a89.dir/build
make[1]: Entering directory '/home/beomsik/vdnn/build/CMakeFiles/CMakeTmp'
Building C object CMakeFiles/cmTC_92a89.dir/CheckFunctionExists.c.o
/usr/bin/cc   -fPIC -DCHECK_FUNCTION_EXISTS=pthread_create   -o CMakeFiles/cmTC_92a89.dir/CheckFunctionExists.c.o   -c /usr/local/share/cmake-3.10/Modules/CheckFunctionExists.c
Linking C executable cmTC_92a89
/usr/local/bin/cmake -E cmake_link_script CMakeFiles/cmTC_92a89.dir/link.txt --verbose=1
/usr/bin/cc -fPIC -DCHECK_FUNCTION_EXISTS=pthread_create    -rdynamic CMakeFiles/cmTC_92a89.dir/CheckFunctionExists.c.o  -o cmTC_92a89 -lpthreads 
/usr/bin/ld: cannot find -lpthreads
collect2: error: ld returned 1 exit status
CMakeFiles/cmTC_92a89.dir/build.make:97: recipe for target 'cmTC_92a89' failed
make[1]: *** [cmTC_92a89] Error 1
make[1]: Leaving directory '/home/beomsik/vdnn/build/CMakeFiles/CMakeTmp'
Makefile:126: recipe for target 'cmTC_92a89/fast' failed
make: *** [cmTC_92a89/fast] Error 2


